\BOOKMARK [1][-]{section.1}{\376\377\000T\000e\000m\000a\000\040\0001\000:\000\040\000O\000n\000d\000a\000s\000\040\000E\000l\000e\000c\000t\000r\000o\000m\000a\000g\000n\000\351\000t\000i\000c\000a\000s\000\040\000e\000n\000\040\000e\000l\000\040\000V\000a\000c\000\355\000o}{}% 1
\BOOKMARK [2][-]{subsection.1.1}{\376\377\000I\000n\000t\000r\000o\000d\000u\000c\000c\000i\000\363\000n}{section.1}% 2
\BOOKMARK [2][-]{subsection.1.2}{\376\377\000E\000c\000u\000a\000c\000i\000o\000n\000e\000s\000\040\000d\000e\000\040\000M\000a\000x\000w\000e\000l\000l}{section.1}% 3
\BOOKMARK [3][-]{subsubsection.1.2.1}{\376\377\000E\000c\000u\000a\000c\000i\000o\000n\000e\000s\000\040\000d\000e\000\040\000M\000a\000x\000w\000e\000l\000l\000\040\000e\000n\000\040\000e\000l\000\040\000v\000a\000c\000\355\000o}{subsection.1.2}% 4
\BOOKMARK [2][-]{subsection.1.3}{\376\377\000E\000c\000u\000a\000c\000i\000\363\000n\000\040\000d\000e\000\040\000O\000n\000d\000a}{section.1}% 5
\BOOKMARK [2][-]{subsection.1.4}{\376\377\000O\000n\000d\000a\000s\000\040\000A\000r\000m\000\363\000n\000i\000c\000a\000s\000\040\000o\000\040\000M\000o\000n\000o\000c\000r\000o\000m\000\341\000t\000i\000c\000a\000s}{section.1}% 6
\BOOKMARK [3][-]{subsubsection.1.4.1}{\376\377\000E\000s\000p\000e\000c\000t\000r\000o\000\040\000e\000l\000e\000c\000t\000r\000o\000m\000a\000g\000n\000\351\000t\000i\000c\000o}{subsection.1.4}% 7
\BOOKMARK [2][-]{subsection.1.5}{\376\377\000R\000e\000p\000r\000e\000s\000e\000n\000t\000a\000c\000i\000\363\000n\000\040\000C\000o\000m\000p\000l\000e\000j\000a\000\040\000d\000e\000\040\000u\000n\000a\000\040\000O\000n\000d\000a\000\040\000A\000r\000m\000\363\000n\000i\000c\000a}{section.1}% 8
\BOOKMARK [3][-]{subsubsection.1.5.1}{\376\377\000R\000e\000p\000a\000s\000o\000\040\000d\000e\000\040\000n\000\372\000m\000e\000r\000o\000s\000\040\000c\000o\000m\000p\000l\000e\000j\000o\000s}{subsection.1.5}% 9
\BOOKMARK [3][-]{subsubsection.1.5.2}{\376\377\000E\000j\000e\000m\000p\000l\000o\000s\000\040\000d\000e\000\040\000i\000d\000e\000n\000t\000i\000f\000i\000c\000a\000c\000i\000\363\000n\000\040\000d\000e\000\040\000a\000r\000m\000o\000n\000i\000c\000i\000d\000a\000d}{subsection.1.5}% 10
\BOOKMARK [2][-]{subsection.1.6}{\376\377\000F\000r\000e\000n\000t\000e\000s\000\040\000d\000e\000\040\000O\000n\000d\000a}{section.1}% 11
\BOOKMARK [2][-]{subsection.1.7}{\376\377\000O\000n\000d\000a\000s\000\040\000P\000l\000a\000n\000a\000s}{section.1}% 12
\BOOKMARK [3][-]{subsubsection.1.7.1}{\376\377\000O\000n\000d\000a\000s\000\040\000h\000o\000m\000o\000g\000\351\000n\000e\000a\000s\000\040\000e\000\040\000i\000n\000h\000o\000m\000o\000g\000\351\000n\000e\000a\000s}{subsection.1.7}% 13
\BOOKMARK [2][-]{subsection.1.8}{\376\377\000O\000n\000d\000a\000s\000\040\000A\000r\000m\000\363\000n\000i\000c\000a\000s\000\040\000P\000l\000a\000n\000a\000s}{section.1}% 14
\BOOKMARK [3][-]{subsubsection.1.8.1}{\376\377\000C\000o\000n\000d\000i\000c\000i\000o\000n\000e\000s\000\040\000i\000m\000p\000u\000e\000s\000t\000a\000s\000\040\000p\000o\000r\000\040\000l\000a\000s\000\040\000e\000c\000u\000a\000c\000i\000o\000n\000e\000s\000\040\000d\000e\000\040\000M\000a\000x\000w\000e\000l\000l}{subsection.1.8}% 15
\BOOKMARK [3][-]{subsubsection.1.8.2}{\376\377\000P\000r\000o\000p\000i\000e\000d\000a\000d\000e\000s\000\040\000f\000u\000n\000d\000a\000m\000e\000n\000t\000a\000l\000e\000s\000\040\000d\000e\000\040\000l\000a\000s\000\040\000O\000A\000P}{subsection.1.8}% 16
\BOOKMARK [2][-]{subsection.1.9}{\376\377\000P\000o\000l\000a\000r\000i\000z\000a\000c\000i\000\363\000n\000\040\000d\000e\000\040\000l\000a\000s\000\040\000O\000n\000d\000a\000s\000\040\000A\000r\000m\000\363\000n\000i\000c\000a\000s\000\040\000P\000l\000a\000n\000a\000s}{section.1}% 17
\BOOKMARK [3][-]{subsubsection.1.9.1}{\376\377\000E\000l\000i\000p\000s\000e\000\040\000d\000e\000\040\000p\000o\000l\000a\000r\000i\000z\000a\000c\000i\000\363\000n}{subsection.1.9}% 18
\BOOKMARK [3][-]{subsubsection.1.9.2}{\376\377\000V\000e\000c\000t\000o\000r\000\040\000d\000e\000\040\000J\000o\000n\000e\000s}{subsection.1.9}% 19
\BOOKMARK [3][-]{subsubsection.1.9.3}{\376\377\000T\000i\000p\000o\000s\000\040\000d\000e\000\040\000p\000o\000l\000a\000r\000i\000z\000a\000c\000i\000\363\000n}{subsection.1.9}% 20
\BOOKMARK [2][-]{subsection.1.10}{\376\377\000I\000n\000t\000e\000n\000s\000i\000d\000a\000d\000\040\000d\000e\000\040\000l\000a\000s\000\040\000O\000n\000d\000a\000s\000\040\000A\000r\000m\000\363\000n\000i\000c\000a\000s}{section.1}% 21
\BOOKMARK [3][-]{subsubsection.1.10.1}{\376\377\000I\000n\000t\000e\000n\000s\000i\000d\000a\000d\000\040\000d\000e\000\040\000u\000n\000a\000\040\000o\000n\000d\000a\000\040\000a\000r\000m\000\363\000n\000i\000c\000a\000\040\000p\000l\000a\000n\000a}{subsection.1.10}% 22
\BOOKMARK [3][-]{subsubsection.1.10.2}{\376\377\000I\000n\000t\000e\000n\000s\000i\000d\000a\000d\000\040\000d\000e\000\040\000u\000n\000a\000\040\000o\000n\000d\000a\000\040\000a\000r\000m\000\363\000n\000i\000c\000a\000\040\000n\000o\000\040\000p\000l\000a\000n\000a}{subsection.1.10}% 23
\BOOKMARK [1][-]{section.2}{\376\377\000T\000e\000m\000a\000\040\0002\000:\000\040\000I\000n\000t\000e\000r\000a\000c\000c\000i\000\363\000n\000\040\000R\000a\000d\000i\000a\000c\000i\000\363\000n\040\023\000M\000a\000t\000e\000r\000i\000a}{}% 24
\BOOKMARK [2][-]{subsection.2.1}{\376\377\000I\000n\000t\000r\000o\000d\000u\000c\000c\000i\000\363\000n}{section.2}% 25
\BOOKMARK [2][-]{subsection.2.2}{\376\377\000C\000a\000r\000g\000a\000s\000\040\000L\000i\000b\000r\000e\000s\000\040\000y\000\040\000C\000a\000r\000g\000a\000s\000\040\000L\000i\000g\000a\000d\000a\000s}{section.2}% 26
\BOOKMARK [3][-]{subsubsection.2.2.1}{\376\377\000A\000p\000r\000o\000x\000i\000m\000a\000c\000i\000\363\000n\000\040\000p\000a\000r\000a\000\040\000c\000a\000r\000g\000a\000s\000\040\000l\000i\000b\000r\000e\000s}{subsection.2.2}% 27
\BOOKMARK [2][-]{subsection.2.3}{\376\377\000M\000o\000d\000e\000l\000o\000\040\000A\000t\000\363\000m\000i\000c\000o\000\040\000d\000e\000\040\000L\000o\000r\000e\000n\000t\000z}{section.2}% 28
\BOOKMARK [3][-]{subsubsection.2.3.1}{\376\377\000H\000i\000p\000\363\000t\000e\000s\000i\000s\000\040\000d\000e\000l\000\040\000m\000o\000d\000e\000l\000o}{subsection.2.3}% 29
\BOOKMARK [3][-]{subsubsection.2.3.2}{\376\377\000E\000c\000u\000a\000c\000i\000\363\000n\000\040\000d\000e\000\040\000e\000v\000o\000l\000u\000c\000i\000\363\000n}{subsection.2.3}% 30
\BOOKMARK [3][-]{subsubsection.2.3.3}{\376\377\000A\000p\000r\000o\000x\000i\000m\000a\000c\000i\000o\000n\000e\000s\000\040\000p\000a\000r\000a\000\040\000r\000e\000s\000o\000l\000v\000e\000r\000\040\000l\000a\000\040\000e\000c\000u\000a\000c\000i\000\363\000n}{subsection.2.3}% 31
\BOOKMARK [3][-]{subsubsection.2.3.4}{\376\377\000S\000o\000l\000u\000c\000i\000\363\000n\000\040\000d\000e\000\040\000l\000a\000\040\000e\000c\000u\000a\000c\000i\000\363\000n\000\040\000d\000e\000\040\000e\000v\000o\000l\000u\000c\000i\000\363\000n}{subsection.2.3}% 32
\BOOKMARK [3][-]{subsubsection.2.3.5}{\376\377\000A\000n\000\341\000l\000i\000s\000i\000s\000\040\000d\000e\000\040\000l\000a\000\040\000s\000o\000l\000u\000c\000i\000\363\000n\000:\000\040\000d\000e\000s\000f\000a\000s\000e}{subsection.2.3}% 33
\BOOKMARK [2][-]{subsection.2.4}{\376\377\000P\000o\000t\000e\000n\000c\000i\000a\000\040\000T\000r\000a\000n\000s\000f\000e\000r\000i\000d\000a\000\040\000a\000\040\000l\000a\000\040\000C\000a\000r\000g\000a}{section.2}% 34
\BOOKMARK [2][-]{subsection.2.5}{\376\377\000P\000o\000t\000e\000n\000c\000i\000a\000\040\000E\000s\000p\000a\000r\000c\000i\000d\000a\000\040\000p\000o\000r\000\040\000l\000a\000\040\000C\000a\000r\000g\000a}{section.2}% 35
\BOOKMARK [3][-]{subsubsection.2.5.1}{\376\377\000T\000i\000p\000o\000s\000\040\000d\000e\000\040\000m\000e\000d\000i\000o\000s\000\040\000\363\000p\000t\000i\000c\000o\000s}{subsection.2.5}% 36
\BOOKMARK [3][-]{subsubsection.2.5.2}{\376\377\000E\000s\000p\000a\000r\000c\000i\000m\000i\000e\000n\000t\000o\000\040\000\050\000s\000c\000a\000t\000t\000e\000r\000i\000n\000g\000\051}{subsection.2.5}% 37
\BOOKMARK [3][-]{subsubsection.2.5.3}{\376\377\000C\000a\000s\000o\000s\000\040\000p\000a\000r\000t\000i\000c\000u\000l\000a\000r\000e\000s}{subsection.2.5}% 38
\BOOKMARK [2][-]{subsection.2.6}{\376\377\000E\000s\000p\000a\000r\000c\000i\000m\000i\000e\000n\000t\000o\000\040\000d\000e\000l\000\040\000C\000i\000e\000l\000o\000\040\040\024\000\040\000C\000o\000l\000o\000r\000\040\000d\000e\000l\000\040\000C\000i\000e\000l\000o}{section.2}% 39
\BOOKMARK [3][-]{subsubsection.2.6.1}{\376\377\000E\000s\000p\000a\000r\000c\000i\000m\000i\000e\000n\000t\000o\000\040\000d\000e\000\040\000R\000a\000y\000l\000e\000i\000g\000h\000\040\000e\000n\000\040\000l\000a\000\040\000a\000t\000m\000\363\000s\000f\000e\000r\000a}{subsection.2.6}% 40
\BOOKMARK [3][-]{subsubsection.2.6.2}{\376\377\000L\000o\000s\000\040\000t\000r\000e\000s\000\040\000c\000a\000s\000o\000s\000\040\000d\000e\000l\000\040\000c\000i\000e\000l\000o}{subsection.2.6}% 41
\BOOKMARK [2][-]{subsection.2.7}{\376\377\000P\000o\000l\000a\000r\000i\000z\000a\000c\000i\000\363\000n\000\040\000d\000e\000\040\000l\000a\000\040\000L\000u\000z\000\040\000E\000s\000p\000a\000r\000c\000i\000d\000a}{section.2}% 42
\BOOKMARK [3][-]{subsubsection.2.7.1}{\376\377\000D\000i\000s\000t\000r\000i\000b\000u\000c\000i\000\363\000n\000\040\000a\000n\000g\000u\000l\000a\000r\000\040\000d\000e\000\040\000l\000a\000\040\000e\000m\000i\000s\000i\000\363\000n}{subsection.2.7}% 43
\BOOKMARK [3][-]{subsubsection.2.7.2}{\376\377\000P\000o\000l\000a\000r\000i\000z\000a\000c\000i\000\363\000n\000\040\000d\000e\000l\000\040\000c\000i\000e\000l\000o}{subsection.2.7}% 44
\BOOKMARK [1][-]{section.3}{\376\377\000T\000e\000m\000a\000\040\0003\000:\000\040\000P\000r\000o\000p\000a\000g\000a\000c\000i\000\363\000n\000\040\000d\000e\000\040\000O\000n\000d\000a\000s\000\040\000e\000n\000\040\000M\000e\000d\000i\000o\000s\000\040\000M\000a\000t\000e\000r\000i\000a\000l\000e\000s}{}% 45
\BOOKMARK [2][-]{subsection.3.1}{\376\377\000I\000n\000t\000r\000o\000d\000u\000c\000c\000i\000\363\000n}{section.3}% 46
\BOOKMARK [2][-]{subsection.3.2}{\376\377\000M\000e\000d\000i\000o\000s\000\040\000\323\000p\000t\000i\000c\000a\000m\000e\000n\000t\000e\000\040\000D\000e\000n\000s\000o\000s}{section.3}% 47
\BOOKMARK [2][-]{subsection.3.3}{\376\377\000E\000c\000u\000a\000c\000i\000o\000n\000e\000s\000\040\000d\000e\000\040\000M\000a\000x\000w\000e\000l\000l\000\040\000e\000n\000\040\000l\000a\000\040\000M\000a\000t\000e\000r\000i\000a\000:\000\040\000E\000c\000u\000a\000c\000i\000o\000n\000e\000s\000\040\000M\000a\000c\000r\000o\000s\000c\000\363\000p\000i\000c\000a\000s}{section.3}% 48
\BOOKMARK [3][-]{subsubsection.3.3.1}{\376\377\000D\000e\000l\000\040\000n\000i\000v\000e\000l\000\040\000m\000i\000c\000r\000o\000s\000c\000\363\000p\000i\000c\000o\000\040\000a\000l\000\040\000m\000a\000c\000r\000o\000s\000c\000\363\000p\000i\000c\000o}{subsection.3.3}% 49
\BOOKMARK [3][-]{subsubsection.3.3.2}{\376\377\000D\000e\000s\000c\000o\000m\000p\000o\000s\000i\000c\000i\000\363\000n\000\040\000d\000e\000\040\000c\000a\000r\000g\000a\000s\000\040\000y\000\040\000c\000o\000r\000r\000i\000e\000n\000t\000e\000s}{subsection.3.3}% 50
\BOOKMARK [3][-]{subsubsection.3.3.3}{\376\377\000E\000c\000u\000a\000c\000i\000o\000n\000e\000s\000\040\000d\000e\000\040\000M\000a\000x\000w\000e\000l\000l\000\040\000m\000a\000c\000r\000o\000s\000c\000\363\000p\000i\000c\000a\000s}{subsection.3.3}% 51
\BOOKMARK [2][-]{subsection.3.4}{\376\377\000R\000e\000l\000a\000c\000i\000o\000n\000e\000s\000\040\000d\000e\000\040\000C\000o\000n\000s\000t\000i\000t\000u\000c\000i\000\363\000n\000\040\000y\000\040\000P\000e\000r\000m\000i\000t\000i\000v\000i\000d\000a\000d\000\040\000G\000e\000n\000e\000r\000a\000l\000i\000z\000a\000d\000a}{section.3}% 52
\BOOKMARK [3][-]{subsubsection.3.4.1}{\376\377\000P\000r\000i\000m\000e\000r\000a\000\040\000r\000e\000l\000a\000c\000i\000\363\000n\000:\000\040\000p\000e\000r\000m\000i\000t\000i\000v\000i\000d\000a\000d\000\040\000e\000l\000\351\000c\000t\000r\000i\000c\000a}{subsection.3.4}% 53
\BOOKMARK [3][-]{subsubsection.3.4.2}{\376\377\000S\000e\000g\000u\000n\000d\000a\000\040\000r\000e\000l\000a\000c\000i\000\363\000n\000:\000\040\000p\000e\000r\000m\000e\000a\000b\000i\000l\000i\000d\000a\000d\000\040\000m\000a\000g\000n\000\351\000t\000i\000c\000a}{subsection.3.4}% 54
\BOOKMARK [3][-]{subsubsection.3.4.3}{\376\377\000T\000e\000r\000c\000e\000r\000a\000\040\000r\000e\000l\000a\000c\000i\000\363\000n\000:\000\040\000c\000o\000n\000d\000u\000c\000t\000i\000v\000i\000d\000a\000d\000\040\000\050\000l\000e\000y\000\040\000d\000e\000\040\000O\000h\000m\000\051}{subsection.3.4}% 55
\BOOKMARK [3][-]{subsubsection.3.4.4}{\376\377\000P\000e\000r\000m\000i\000t\000i\000v\000i\000d\000a\000d\000\040\000d\000i\000e\000l\000\351\000c\000t\000r\000i\000c\000a\000\040\000g\000e\000n\000e\000r\000a\000l\000i\000z\000a\000d\000a}{subsection.3.4}% 56
\BOOKMARK [2][-]{subsection.3.5}{\376\377\000C\000l\000a\000s\000i\000f\000i\000c\000a\000c\000i\000\363\000n\000\040\000\323\000p\000t\000i\000c\000a\000\040\000d\000e\000\040\000l\000o\000s\000\040\000M\000e\000d\000i\000o\000s\000\040\000M\000a\000t\000e\000r\000i\000a\000l\000e\000s}{section.3}% 57
\BOOKMARK [2][-]{subsection.3.6}{\376\377\000P\000r\000o\000p\000a\000g\000a\000c\000i\000\363\000n\000\040\000e\000n\000\040\000M\000e\000d\000i\000o\000s\000\040\000H\000o\000m\000o\000g\000\351\000n\000e\000o\000s\000\040\000e\000\040\000I\000s\000\363\000t\000r\000o\000p\000o\000s}{section.3}% 58
\BOOKMARK [3][-]{subsubsection.3.6.1}{\376\377\000E\000c\000u\000a\000c\000i\000\363\000n\000\040\000d\000e\000\040\000H\000e\000l\000m\000h\000o\000l\000t\000z}{subsection.3.6}% 59
\BOOKMARK [3][-]{subsubsection.3.6.2}{\376\377\000S\000o\000l\000u\000c\000i\000\363\000n\000:\000\040\000o\000n\000d\000a\000s\000\040\000a\000r\000m\000\363\000n\000i\000c\000a\000s\000\040\000p\000l\000a\000n\000a\000s\000\040\000c\000o\000n\000\040\000v\000e\000c\000t\000o\000r\000\040\000d\000e\000\040\000o\000n\000d\000a\000\040\000c\000o\000m\000p\000l\000e\000j\000o}{subsection.3.6}% 60
\BOOKMARK [3][-]{subsubsection.3.6.3}{\376\377\000C\000l\000a\000s\000i\000f\000i\000c\000a\000c\000i\000\363\000n\000\040\000d\000e\000\040\000m\000e\000d\000i\000o\000s\000\040\000s\000e\000g\000\372\000n\000\040}{subsection.3.6}% 61
\BOOKMARK [3][-]{subsubsection.3.6.4}{\376\377\000V\000e\000c\000t\000o\000r\000\040\000d\000e\000\040\000P\000o\000y\000n\000t\000i\000n\000g\000\040\000e\000n\000\040\000l\000a\000\040\000m\000a\000t\000e\000r\000i\000a}{subsection.3.6}% 62
\BOOKMARK [2][-]{subsection.3.7}{\376\377\000M\000o\000d\000e\000l\000o\000\040\000M\000i\000c\000r\000o\000s\000c\000\363\000p\000i\000c\000o\000\040\000d\000e\000l\000\040\000\315\000n\000d\000i\000c\000e\000\040\000d\000e\000\040\000R\000e\000f\000r\000a\000c\000c\000i\000\363\000n}{section.3}% 63
\BOOKMARK [3][-]{subsubsection.3.7.1}{\376\377\000M\000e\000d\000i\000o\000s\000\040\000d\000i\000e\000l\000\351\000c\000t\000r\000i\000c\000o\000s\000\040\000p\000o\000c\000o\000\040\000d\000e\000n\000s\000o\000s}{subsection.3.7}% 64
\BOOKMARK [3][-]{subsubsection.3.7.2}{\376\377\000M\000e\000d\000i\000o\000s\000\040\000d\000i\000e\000l\000\351\000c\000t\000r\000i\000c\000o\000s\000\040\000d\000e\000n\000s\000o\000s\000:\000\040\000e\000c\000u\000a\000c\000i\000\363\000n\000\040\000d\000e\000\040\000C\000l\000a\000u\000s\000i\000u\000s\000-\000M\000o\000s\000s\000o\000t\000t\000i}{subsection.3.7}% 65
\BOOKMARK [3][-]{subsubsection.3.7.3}{\376\377\000M\000e\000d\000i\000o\000s\000\040\000c\000o\000n\000d\000u\000c\000t\000o\000r\000e\000s\000\040\000\050\000=\0000\000\051}{subsection.3.7}% 66
\BOOKMARK [1][-]{section.4}{\376\377\000T\000e\000m\000a\000\040\0004\000:\000\040\000R\000e\000f\000l\000e\000x\000i\000\363\000n\000\040\000y\000\040\000R\000e\000f\000r\000a\000c\000c\000i\000\363\000n\000\040\000e\000n\000\040\000M\000e\000d\000i\000o\000s\000\040\000H\000o\000m\000o\000g\000\351\000n\000e\000o\000s\000\040\000e\000\040\000I\000s\000\363\000t\000r\000o\000p\000o\000s}{}% 67
\BOOKMARK [2][-]{subsection.4.1}{\376\377\000I\000n\000t\000r\000o\000d\000u\000c\000c\000i\000\363\000n}{section.4}% 68
\BOOKMARK [2][-]{subsection.4.2}{\376\377\000D\000i\000e\000l\000\351\000c\000t\000r\000i\000c\000o\040\023\000D\000i\000e\000l\000\351\000c\000t\000r\000i\000c\000o\000\040\000T\000r\000a\000n\000s\000p\000a\000r\000e\000n\000t\000e}{section.4}% 69
\BOOKMARK [3][-]{subsubsection.4.2.1}{\376\377\000L\000e\000y\000e\000s\000\040\000d\000e\000\040\000r\000e\000f\000l\000e\000x\000i\000\363\000n\000\040\000y\000\040\000d\000e\000\040\000S\000n\000e\000l\000l}{subsection.4.2}% 70
\BOOKMARK [3][-]{subsubsection.4.2.2}{\376\377\000F\000\363\000r\000m\000u\000l\000a\000s\000\040\000d\000e\000\040\000F\000r\000e\000s\000n\000e\000l\000\040\000\050\000a\000m\000p\000l\000i\000t\000u\000d\000e\000s\000\051}{subsection.4.2}% 71
\BOOKMARK [3][-]{subsubsection.4.2.3}{\376\377\000I\000n\000c\000i\000d\000e\000n\000c\000i\000a\000\040\000n\000o\000r\000m\000a\000l}{subsection.4.2}% 72
\BOOKMARK [3][-]{subsubsection.4.2.4}{\376\377\000\301\000n\000g\000u\000l\000o\000\040\000d\000e\000\040\000B\000r\000e\000w\000s\000t\000e\000r}{subsection.4.2}% 73
\BOOKMARK [3][-]{subsubsection.4.2.5}{\376\377\000R\000e\000f\000l\000e\000x\000i\000\363\000n\000\040\000t\000o\000t\000a\000l\000\040\000i\000n\000t\000e\000r\000n\000a\000\040\000y\000\040\000o\000n\000d\000a\000\040\000e\000v\000a\000n\000e\000s\000c\000e\000n\000t\000e}{subsection.4.2}% 74
\BOOKMARK [3][-]{subsubsection.4.2.6}{\376\377\000R\000e\000f\000l\000e\000c\000t\000a\000n\000c\000i\000a\000\040\000y\000\040\000T\000r\000a\000n\000s\000m\000i\000t\000a\000n\000c\000i\000a}{subsection.4.2}% 75
\BOOKMARK [2][-]{subsection.4.3}{\376\377\000D\000i\000e\000l\000\351\000c\000t\000r\000i\000c\000o\040\023\000M\000e\000d\000i\000o\000\040\000A\000b\000s\000o\000r\000b\000e\000n\000t\000e}{section.4}% 76
\BOOKMARK [3][-]{subsubsection.4.3.1}{\376\377\000C\000a\000m\000p\000o\000\040\000t\000r\000a\000n\000s\000m\000i\000t\000i\000d\000o\000\040\000\050\000o\000n\000d\000a\000\040\000i\000n\000h\000o\000m\000o\000g\000\351\000n\000e\000a\000\051}{subsection.4.3}% 77
\BOOKMARK [3][-]{subsubsection.4.3.2}{\376\377\000C\000a\000m\000p\000o\000\040\000r\000e\000f\000l\000e\000j\000a\000d\000o\000\040\000\050\000c\000o\000e\000f\000i\000c\000i\000e\000n\000t\000e\000s\000\040\000d\000e\000\040\000F\000r\000e\000s\000n\000e\000l\000\040\000c\000o\000m\000p\000l\000e\000j\000o\000s\000\051}{subsection.4.3}% 78
\BOOKMARK [3][-]{subsubsection.4.3.3}{\376\377\000C\000a\000s\000o\000\040\000p\000a\000r\000t\000i\000c\000u\000l\000a\000r\000:\000\040\000i\000n\000c\000i\000d\000e\000n\000c\000i\000a\000\040\000n\000o\000r\000m\000a\000l\000\040\000s\000o\000b\000r\000e\000\040\000u\000n\000\040\000m\000e\000t\000a\000l}{subsection.4.3}% 79
\BOOKMARK [1][-]{section.5}{\376\377\000T\000e\000m\000a\000\040\0004\000.\0002\000:\000\040\000I\000n\000t\000r\000o\000d\000u\000c\000c\000i\000\363\000n\000\040\000a\000\040\000l\000o\000s\000\040\000M\000e\000d\000i\000o\000s\000\040\000A\000n\000i\000s\000\363\000t\000r\000o\000p\000o\000s}{}% 80
\BOOKMARK [2][-]{subsection.5.1}{\376\377\000I\000n\000t\000r\000o\000d\000u\000c\000c\000i\000\363\000n}{section.5}% 81
\BOOKMARK [2][-]{subsection.5.2}{\376\377\000M\000e\000d\000i\000o\000s\000\040\000U\000n\000i\000\341\000x\000i\000c\000o\000s}{section.5}% 82
\BOOKMARK [3][-]{subsubsection.5.2.1}{\376\377\000C\000o\000n\000c\000e\000p\000t\000o\000s\000\040\000b\000\341\000s\000i\000c\000o\000s}{subsection.5.2}% 83
\BOOKMARK [3][-]{subsubsection.5.2.2}{\376\377\000M\000e\000d\000i\000o\000\040\000u\000n\000i\000\341\000x\000i\000c\000o\000\040\000p\000o\000s\000i\000t\000i\000v\000o\000\040\000y\000\040\000n\000e\000g\000a\000t\000i\000v\000o}{subsection.5.2}% 84
\BOOKMARK [2][-]{subsection.5.3}{\376\377\000B\000i\000r\000r\000e\000f\000r\000i\000n\000g\000e\000n\000c\000i\000a\000\040\000o\000\040\000D\000o\000b\000l\000e\000\040\000R\000e\000f\000r\000a\000c\000c\000i\000\363\000n}{section.5}% 85
\BOOKMARK [2][-]{subsection.5.4}{\376\377\000L\000\341\000m\000i\000n\000a\000s\000\040\000R\000e\000t\000a\000r\000d\000a\000d\000o\000r\000a\000s}{section.5}% 86
\BOOKMARK [3][-]{subsubsection.5.4.1}{\376\377\000L\000\341\000m\000i\000n\000a\000\040\000d\000e\000\040\000c\000u\000a\000r\000t\000o\000\040\000d\000e\000\040\000o\000n\000d\000a}{subsection.5.4}% 87
\BOOKMARK [3][-]{subsubsection.5.4.2}{\376\377\000L\000\341\000m\000i\000n\000a\000\040\000d\000e\000\040\000m\000e\000d\000i\000a\000\040\000o\000n\000d\000a}{subsection.5.4}% 88
\BOOKMARK [2][-]{subsection.5.5}{\376\377\000M\000a\000t\000r\000i\000c\000e\000s\000\040\000d\000e\000\040\000J\000o\000n\000e\000s}{section.5}% 89
\BOOKMARK [2][-]{subsection.5.6}{\376\377\000P\000o\000l\000a\000r\000i\000z\000a\000d\000o\000r\000e\000s}{section.5}% 90
\BOOKMARK [1][-]{section.6}{\376\377\000T\000e\000m\000a\000\040\0005\000:\000\040\000D\000i\000f\000r\000a\000c\000c\000i\000\363\000n}{}% 91
\BOOKMARK [2][-]{subsection.6.1}{\376\377\000I\000n\000t\000r\000o\000d\000u\000c\000c\000i\000\363\000n}{section.6}% 92
\BOOKMARK [2][-]{subsection.6.2}{\376\377\000P\000r\000i\000n\000c\000i\000p\000i\000o\000\040\000d\000e\000\040\000H\000u\000y\000g\000e\000n\000s\000-\000F\000r\000e\000s\000n\000e\000l}{section.6}% 93
\BOOKMARK [2][-]{subsection.6.3}{\376\377\000A\000p\000r\000o\000x\000i\000m\000a\000c\000i\000\363\000n\000\040\000d\000e\000\040\000F\000r\000e\000s\000n\000e\000l\000\040\000\050\000c\000a\000m\000p\000o\000\040\000c\000e\000r\000c\000a\000n\000o\000\051}{section.6}% 94
\BOOKMARK [2][-]{subsection.6.4}{\376\377\000A\000p\000r\000o\000x\000i\000m\000a\000c\000i\000\363\000n\000\040\000d\000e\000\040\000F\000r\000a\000u\000n\000h\000o\000f\000e\000r\000\040\000\050\000c\000a\000m\000p\000o\000\040\000l\000e\000j\000a\000n\000o\000\051}{section.6}% 95
\BOOKMARK [3][-]{subsubsection.6.4.1}{\376\377\000C\000r\000i\000t\000e\000r\000i\000o\000\040\000d\000e\000\040\000v\000a\000l\000i\000d\000e\000z\000\040\000y\000\040\000n\000\372\000m\000e\000r\000o\000\040\000d\000e\000\040\000F\000r\000e\000s\000n\000e\000l}{subsection.6.4}% 96
\BOOKMARK [2][-]{subsection.6.5}{\376\377\000P\000r\000i\000n\000c\000i\000p\000i\000o\000\040\000d\000e\000\040\000B\000a\000b\000i\000n\000e\000t}{section.6}% 97
\BOOKMARK [2][-]{subsection.6.6}{\376\377\000D\000i\000f\000r\000a\000c\000c\000i\000\363\000n\000\040\000p\000o\000r\000\040\000a\000b\000e\000r\000t\000u\000r\000a\000\040\000r\000e\000c\000t\000a\000n\000g\000u\000l\000a\000r}{section.6}% 98
\BOOKMARK [3][-]{subsubsection.6.6.1}{\376\377\000C\000a\000s\000o\000\040\000l\000\355\000m\000i\000t\000e\000:\000\040\000r\000e\000n\000d\000i\000j\000a\000\040\000s\000i\000m\000p\000l\000e}{subsection.6.6}% 99
\BOOKMARK [2][-]{subsection.6.7}{\376\377\000D\000i\000f\000r\000a\000c\000c\000i\000\363\000n\000\040\000p\000o\000r\000\040\000a\000b\000e\000r\000t\000u\000r\000a\000\040\000c\000i\000r\000c\000u\000l\000a\000r}{section.6}% 100
\BOOKMARK [2][-]{subsection.6.8}{\376\377\000P\000o\000d\000e\000r\000\040\000d\000e\000\040\000r\000e\000s\000o\000l\000u\000c\000i\000\363\000n}{section.6}% 101
\BOOKMARK [1][-]{section.7}{\376\377\000T\000e\000m\000a\000\040\0006\000:\000\040\000I\000n\000t\000e\000r\000f\000e\000r\000e\000n\000c\000i\000a}{}% 102
\BOOKMARK [2][-]{subsection.7.1}{\376\377\000I\000n\000t\000r\000o\000d\000u\000c\000c\000i\000\363\000n\000\040\000y\000\040\000d\000e\000f\000i\000n\000i\000c\000i\000\363\000n}{section.7}% 103
\BOOKMARK [2][-]{subsection.7.2}{\376\377\000C\000o\000n\000d\000i\000c\000i\000o\000n\000e\000s\000\040\000d\000e\000\040\000i\000n\000t\000e\000r\000f\000e\000r\000e\000n\000c\000i\000a\000\040\000e\000s\000t\000a\000b\000l\000e}{section.7}% 104
\BOOKMARK [2][-]{subsection.7.3}{\376\377\000I\000n\000t\000e\000r\000f\000e\000r\000\363\000m\000e\000t\000r\000o\000\040\000d\000e\000\040\000Y\000o\000u\000n\000g}{section.7}% 105
\BOOKMARK [3][-]{subsubsection.7.3.1}{\376\377\000B\000i\000p\000r\000i\000s\000m\000a\000\040\000d\000e\000\040\000F\000r\000e\000s\000n\000e\000l}{subsection.7.3}% 106
\BOOKMARK [2][-]{subsection.7.4}{\376\377\000D\000o\000b\000l\000e\000\040\000r\000e\000n\000d\000i\000j\000a\000:\000\040\000d\000i\000f\000r\000a\000c\000c\000i\000\363\000n\000\040\000e\000\040\000i\000n\000t\000e\000r\000f\000e\000r\000e\000n\000c\000i\000a}{section.7}% 107
\BOOKMARK [2][-]{subsection.7.5}{\376\377\000R\000e\000d\000\040\000d\000e\000\040\000d\000i\000f\000r\000a\000c\000c\000i\000\363\000n}{section.7}% 108
\BOOKMARK [2][-]{subsection.7.6}{\376\377\000I\000n\000t\000e\000r\000f\000e\000r\000\363\000m\000e\000t\000r\000o\000\040\000d\000e\000\040\000M\000i\000c\000h\000e\000l\000s\000o\000n}{section.7}% 109
\BOOKMARK [3][-]{subsubsection.7.6.1}{\376\377\000C\000o\000n\000t\000e\000o\000\040\000d\000e\000\040\000f\000r\000a\000n\000j\000a\000s\000\040\000y\000\040\000s\000e\000n\000s\000i\000b\000i\000l\000i\000d\000a\000d}{subsection.7.6}% 110
\BOOKMARK [2][-]{subsection.7.7}{\376\377\000I\000n\000t\000e\000r\000f\000e\000r\000\363\000m\000e\000t\000r\000o\000\040\000d\000e\000\040\000F\000a\000b\000r\000y\000-\000P\000e\000r\000o\000t}{section.7}% 111
\BOOKMARK [3][-]{subsubsection.7.7.1}{\376\377\000R\000a\000n\000g\000o\000\040\000e\000s\000p\000e\000c\000t\000r\000a\000l\000\040\000l\000i\000b\000r\000e\000,\000\040\000f\000i\000n\000e\000z\000a\000\040\000y\000\040\000r\000e\000s\000o\000l\000u\000c\000i\000\363\000n}{subsection.7.7}% 112
\BOOKMARK [2][-]{subsection.7.8}{\376\377\000M\000a\000r\000c\000o\000\040\000d\000e\000\040\000c\000o\000h\000e\000r\000e\000n\000c\000i\000a\000\040\000\050\000c\000o\000m\000p\000l\000e\000m\000e\000n\000t\000a\000r\000i\000o\000\051}{section.7}% 113
\BOOKMARK [1][-]{section.8}{\376\377\000F\000o\000r\000m\000u\000l\000a\000r\000i\000o\000\040\000G\000e\000n\000e\000r\000a\000l}{}% 114
